<?xml version="1.0" encoding="UTF-8"?>
<!-- Generated by org.testng.reporters.JUnitReportReporter -->
<testsuite hostname="LAPTOP-VD69BM2J" name="DataDrivenPackage.loginUsingDataProvider" tests="4" failures="0" timestamp="30 May 2021 09:06:21 GMT" time="54.033" errors="0">
  <testcase name="loginmethod" time="16.555" classname="DataDrivenPackage.loginUsingDataProvider"/>
  <testcase name="loginmethod" time="14.003" classname="DataDrivenPackage.loginUsingDataProvider"/>
  <testcase name="loginmethod" time="10.339" classname="DataDrivenPackage.loginUsingDataProvider"/>
  <testcase name="loginmethod" time="13.136" classname="DataDrivenPackage.loginUsingDataProvider"/>
</testsuite> <!-- DataDrivenPackage.loginUsingDataProvider -->
