<?xml version="1.0" encoding="UTF-8"?>
<!-- Generated by org.testng.reporters.JUnitReportReporter -->
<testsuite hostname="LAPTOP-VD69BM2J" name="DataDrivenPackage.loginUsingExcel" tests="4" failures="0" timestamp="1 Jun 2021 17:45:37 GMT" time="27.832" errors="0">
  <testcase name="loginmethod" time="2.572" classname="DataDrivenPackage.loginUsingExcel"/>
  <testcase name="loginmethod" time="2.282" classname="DataDrivenPackage.loginUsingExcel"/>
  <testcase name="loginmethod" time="12.080" classname="DataDrivenPackage.loginUsingExcel"/>
  <testcase name="loginmethod" time="10.898" classname="DataDrivenPackage.loginUsingExcel"/>
</testsuite> <!-- DataDrivenPackage.loginUsingExcel -->
